#! /c/Source/iverilog-install/bin/vvp
:ivl_version "12.0 (devel)" "(s20150603-1539-g2693dd32b)";
:ivl_delay_selection "TYPICAL";
:vpi_time_precision + 0;
:vpi_module "C:\iverilog\lib\ivl\system.vpi";
:vpi_module "C:\iverilog\lib\ivl\vhdl_sys.vpi";
:vpi_module "C:\iverilog\lib\ivl\vhdl_textio.vpi";
:vpi_module "C:\iverilog\lib\ivl\v2005_math.vpi";
:vpi_module "C:\iverilog\lib\ivl\va_math.vpi";
S_000001463a351de0 .scope module, "main_tb" "main_tb" 2 223;
 .timescale 0 0;
v000001463a3aa120_0 .net "Door_Open_light", 0 0, v000001463a336600_0;  1 drivers
v000001463a3aaf80_0 .var "Entry_sensor", 0 0;
v000001463a3aada0_0 .var "Exit_parking", 1 0;
v000001463a3aae40_0 .var "Exit_sensor", 0 0;
v000001463a3aaee0_0 .net "Full_light", 0 0, v000001463a34cf80_0;  1 drivers
v000001463a3aa260_0 .net "capacity", 2 0, v000001463a3aad00_0;  1 drivers
v000001463a3aa300_0 .var "clk", 0 0;
v000001463a3aa3a0_0 .var "input_data", 3 0;
v000001463a3aa4e0_0 .var/i "input_file", 31 0;
v000001463a3aa580_0 .net "internal_full", 0 0, v000001463a3aab20_0;  1 drivers
v000001463a3aa760_0 .net "internal_open_door", 0 0, v000001463a3aa440_0;  1 drivers
v000001463a3acad0_0 .net "location", 1 0, v000001463a3aa800_0;  1 drivers
v000001463a3ac3f0_0 .var/i "output_file", 31 0;
v000001463a3abdb0_0 .net "parkings", 3 0, v000001463a3aac60_0;  1 drivers
v000001463a3ab3b0_0 .var "reset", 0 0;
v000001463a3ace90_0 .var/i "scan_file", 31 0;
v000001463a3abbd0_0 .net "state", 2 0, v000001463a3aa6c0_0;  1 drivers
S_000001463a34da30 .scope module, "uut" "main" 2 241, 2 1 0, S_000001463a351de0;
 .timescale 0 0;
    .port_info 0 /INPUT 1 "clk";
    .port_info 1 /INPUT 1 "reset";
    .port_info 2 /INPUT 1 "Entry_sensor";
    .port_info 3 /INPUT 1 "Exit_sensor";
    .port_info 4 /INPUT 2 "Exit_parking";
    .port_info 5 /OUTPUT 1 "Full_light";
    .port_info 6 /OUTPUT 1 "Door_Open_light";
    .port_info 7 /OUTPUT 4 "parkings";
    .port_info 8 /OUTPUT 3 "capacity";
    .port_info 9 /OUTPUT 2 "location";
    .port_info 10 /OUTPUT 3 "state";
    .port_info 11 /OUTPUT 1 "internal_full";
    .port_info 12 /OUTPUT 1 "internal_open_door";
P_000001463a34e390 .param/l "CHECK_ENTRY" 0 2 18, C4<001>;
P_000001463a34e3c8 .param/l "CHECK_EXIT" 0 2 19, C4<010>;
P_000001463a34e400 .param/l "DOOR_OPEN" 0 2 21, C4<100>;
P_000001463a34e438 .param/l "FULL" 0 2 20, C4<011>;
P_000001463a34e470 .param/l "IDLE" 0 2 17, C4<000>;
P_000001463a34e4a8 .param/l "UPDATE_DISPLAY" 0 2 22, C4<110>;
L_000001463a3198e0 .functor BUFZ 1, v000001463a3aab20_0, C4<0>, C4<0>, C4<0>;
L_000001463a3199c0 .functor BUFZ 1, v000001463a3aa440_0, C4<0>, C4<0>, C4<0>;
v000001463a336740_0 .net "Door_Open_light", 0 0, v000001463a336600_0;  alias, 1 drivers
v000001463a3367e0_0 .net "Entry_sensor", 0 0, v000001463a3aaf80_0;  1 drivers
v000001463a336880_0 .net "Exit_parking", 1 0, v000001463a3aada0_0;  1 drivers
v000001463a336920_0 .net "Exit_sensor", 0 0, v000001463a3aae40_0;  1 drivers
v000001463a3aa620_0 .net "Full_light", 0 0, v000001463a34cf80_0;  alias, 1 drivers
v000001463a3aad00_0 .var "capacity", 2 0;
v000001463a3aa940_0 .net "clk", 0 0, v000001463a3aa300_0;  1 drivers
v000001463a3aa9e0_0 .var "current_state", 2 0;
v000001463a3aa080_0 .var "delay_counter", 31 0;
v000001463a3aaa80_0 .net "full", 0 0, L_000001463a3198e0;  1 drivers
v000001463a3aab20_0 .var "internal_full", 0 0;
v000001463a3aa440_0 .var "internal_open_door", 0 0;
v000001463a3aa800_0 .var "location", 1 0;
v000001463a3aabc0_0 .var "next_state", 2 0;
v000001463a3aa8a0_0 .net "open_door", 0 0, L_000001463a3199c0;  1 drivers
v000001463a3aac60_0 .var "parkings", 3 0;
v000001463a3aa1c0_0 .net "reset", 0 0, v000001463a3ab3b0_0;  1 drivers
v000001463a3aa6c0_0 .var "state", 2 0;
E_000001463a31dab0 .event posedge, v000001463a321380_0;
S_000001463a34e4f0 .scope module, "controller" "FrequencyDividerController" 2 37, 2 148 0, S_000001463a34da30;
 .timescale 0 0;
    .port_info 0 /INPUT 1 "clk";
    .port_info 1 /INPUT 1 "reset";
    .port_info 2 /INPUT 1 "full";
    .port_info 3 /INPUT 1 "open_door";
    .port_info 4 /OUTPUT 1 "open_door_output";
    .port_info 5 /OUTPUT 1 "full_output";
v000001463a321380_0 .net "clk", 0 0, v000001463a3aa300_0;  alias, 1 drivers
v000001463a2d6c50_0 .var "clk_divider_1Hz", 25 0;
v000001463a34e680_0 .var "clk_divider_2Hz", 24 0;
v000001463a34dbc0_0 .var "door_counter", 23 0;
v000001463a324bd0_0 .net "full", 0 0, L_000001463a3198e0;  alias, 1 drivers
v000001463a324c70_0 .var "full_counter", 3 0;
v000001463a34cf80_0 .var "full_output", 0 0;
v000001463a34d020_0 .net "open_door", 0 0, L_000001463a3199c0;  alias, 1 drivers
v000001463a336600_0 .var "open_door_output", 0 0;
v000001463a3366a0_0 .net "reset", 0 0, v000001463a3ab3b0_0;  alias, 1 drivers
E_000001463a31ddb0 .event posedge, v000001463a3366a0_0, v000001463a321380_0;
    .scope S_000001463a34e4f0;
T_0 ;
    %pushi/vec4 0, 0, 4;
    %store/vec4 v000001463a324c70_0, 0, 4;
    %pushi/vec4 0, 0, 24;
    %store/vec4 v000001463a34dbc0_0, 0, 24;
    %pushi/vec4 0, 0, 1;
    %store/vec4 v000001463a34cf80_0, 0, 1;
    %pushi/vec4 0, 0, 1;
    %store/vec4 v000001463a336600_0, 0, 1;
    %end;
    .thread T_0;
    .scope S_000001463a34e4f0;
T_1 ;
    %wait E_000001463a31ddb0;
    %load/vec4 v000001463a3366a0_0;
    %flag_set/vec4 8;
    %jmp/0xz  T_1.0, 8;
    %pushi/vec4 0, 0, 26;
    %assign/vec4 v000001463a2d6c50_0, 0;
    %pushi/vec4 0, 0, 25;
    %assign/vec4 v000001463a34e680_0, 0;
    %pushi/vec4 0, 0, 4;
    %assign/vec4 v000001463a324c70_0, 0;
    %pushi/vec4 0, 0, 24;
    %assign/vec4 v000001463a34dbc0_0, 0;
    %pushi/vec4 0, 0, 1;
    %assign/vec4 v000001463a34cf80_0, 0;
    %pushi/vec4 0, 0, 1;
    %assign/vec4 v000001463a336600_0, 0;
    %jmp T_1.1;
T_1.0 ;
    %load/vec4 v000001463a34d020_0;
    %flag_set/vec4 8;
    %jmp/0xz  T_1.2, 8;
    %pushi/vec4 0, 0, 1;
    %assign/vec4 v000001463a34cf80_0, 0;
    %pushi/vec4 0, 0, 4;
    %assign/vec4 v000001463a324c70_0, 0;
    %load/vec4 v000001463a34dbc0_0;
    %pad/u 32;
    %cmpi/u 10, 0, 32;
    %jmp/0xz  T_1.4, 5;
    %load/vec4 v000001463a34e680_0;
    %pad/u 32;
    %cmpi/e 2, 0, 32;
    %jmp/0xz  T_1.6, 4;
    %load/vec4 v000001463a34dbc0_0;
    %addi 1, 0, 24;
    %assign/vec4 v000001463a34dbc0_0, 0;
    %load/vec4 v000001463a336600_0;
    %inv;
    %assign/vec4 v000001463a336600_0, 0;
    %pushi/vec4 0, 0, 25;
    %assign/vec4 v000001463a34e680_0, 0;
    %jmp T_1.7;
T_1.6 ;
    %load/vec4 v000001463a34e680_0;
    %addi 1, 0, 25;
    %assign/vec4 v000001463a34e680_0, 0;
T_1.7 ;
    %jmp T_1.5;
T_1.4 ;
    %pushi/vec4 0, 0, 1;
    %assign/vec4 v000001463a336600_0, 0;
T_1.5 ;
    %jmp T_1.3;
T_1.2 ;
    %load/vec4 v000001463a324bd0_0;
    %flag_set/vec4 8;
    %jmp/0xz  T_1.8, 8;
    %pushi/vec4 0, 0, 1;
    %assign/vec4 v000001463a336600_0, 0;
    %pushi/vec4 0, 0, 24;
    %assign/vec4 v000001463a34dbc0_0, 0;
    %load/vec4 v000001463a324c70_0;
    %pad/u 32;
    %cmpi/u 6, 0, 32;
    %jmp/0xz  T_1.10, 5;
    %load/vec4 v000001463a2d6c50_0;
    %pad/u 32;
    %cmpi/e 2, 0, 32;
    %jmp/0xz  T_1.12, 4;
    %load/vec4 v000001463a324c70_0;
    %addi 1, 0, 4;
    %assign/vec4 v000001463a324c70_0, 0;
    %load/vec4 v000001463a34cf80_0;
    %inv;
    %assign/vec4 v000001463a34cf80_0, 0;
    %pushi/vec4 0, 0, 26;
    %assign/vec4 v000001463a2d6c50_0, 0;
    %jmp T_1.13;
T_1.12 ;
    %load/vec4 v000001463a2d6c50_0;
    %addi 1, 0, 26;
    %assign/vec4 v000001463a2d6c50_0, 0;
T_1.13 ;
    %jmp T_1.11;
T_1.10 ;
    %pushi/vec4 0, 0, 1;
    %assign/vec4 v000001463a34cf80_0, 0;
T_1.11 ;
    %jmp T_1.9;
T_1.8 ;
    %pushi/vec4 0, 0, 1;
    %assign/vec4 v000001463a336600_0, 0;
    %pushi/vec4 0, 0, 4;
    %assign/vec4 v000001463a324c70_0, 0;
    %pushi/vec4 0, 0, 24;
    %assign/vec4 v000001463a34dbc0_0, 0;
    %pushi/vec4 0, 0, 1;
    %assign/vec4 v000001463a34cf80_0, 0;
T_1.9 ;
T_1.3 ;
T_1.1 ;
    %jmp T_1;
    .thread T_1;
    .scope S_000001463a34da30;
T_2 ;
    %pushi/vec4 0, 0, 3;
    %store/vec4 v000001463a3aa9e0_0, 0, 3;
    %pushi/vec4 0, 0, 1;
    %store/vec4 v000001463a3aab20_0, 0, 1;
    %pushi/vec4 0, 0, 1;
    %store/vec4 v000001463a3aa440_0, 0, 1;
    %pushi/vec4 0, 0, 4;
    %store/vec4 v000001463a3aac60_0, 0, 4;
    %pushi/vec4 0, 0, 2;
    %store/vec4 v000001463a3aa800_0, 0, 2;
    %pushi/vec4 4, 0, 3;
    %store/vec4 v000001463a3aad00_0, 0, 3;
    %pushi/vec4 0, 0, 32;
    %store/vec4 v000001463a3aa080_0, 0, 32;
    %end;
    .thread T_2;
    .scope S_000001463a34da30;
T_3 ;
    %wait E_000001463a31ddb0;
    %load/vec4 v000001463a3aa9e0_0;
    %assign/vec4 v000001463a3aa6c0_0, 0;
    %load/vec4 v000001463a3aa1c0_0;
    %flag_set/vec4 8;
    %jmp/0xz  T_3.0, 8;
    %pushi/vec4 0, 0, 4;
    %store/vec4 v000001463a3aac60_0, 0, 4;
    %pushi/vec4 0, 0, 2;
    %store/vec4 v000001463a3aa800_0, 0, 2;
    %pushi/vec4 4, 0, 3;
    %store/vec4 v000001463a3aad00_0, 0, 3;
    %pushi/vec4 0, 0, 32;
    %store/vec4 v000001463a3aa080_0, 0, 32;
    %pushi/vec4 0, 0, 3;
    %assign/vec4 v000001463a3aa9e0_0, 0;
    %jmp T_3.1;
T_3.0 ;
    %load/vec4 v000001463a3aabc0_0;
    %assign/vec4 v000001463a3aa9e0_0, 0;
T_3.1 ;
    %jmp T_3;
    .thread T_3;
    .scope S_000001463a34da30;
T_4 ;
    %wait E_000001463a31dab0;
    %load/vec4 v000001463a3aa1c0_0;
    %flag_set/vec4 8;
    %jmp/0xz  T_4.0, 8;
    %pushi/vec4 0, 0, 32;
    %assign/vec4 v000001463a3aa080_0, 0;
    %jmp T_4.1;
T_4.0 ;
    %load/vec4 v000001463a3aa440_0;
    %flag_set/vec4 8;
    %jmp/1 T_4.4, 8;
    %load/vec4 v000001463a3aab20_0;
    %flag_set/vec4 9;
    %flag_or 8, 9;
T_4.4;
    %jmp/0xz  T_4.2, 8;
    %load/vec4 v000001463a3aa9e0_0;
    %cmpi/e 3, 0, 3;
    %jmp/0xz  T_4.5, 4;
    %load/vec4 v000001463a3aa080_0;
    %cmpi/u 41, 0, 32;
    %jmp/0xz  T_4.7, 5;
    %load/vec4 v000001463a3aa080_0;
    %addi 1, 0, 32;
    %assign/vec4 v000001463a3aa080_0, 0;
    %jmp T_4.8;
T_4.7 ;
    %pushi/vec4 0, 0, 32;
    %assign/vec4 v000001463a3aa080_0, 0;
T_4.8 ;
    %jmp T_4.6;
T_4.5 ;
    %load/vec4 v000001463a3aa9e0_0;
    %cmpi/e 4, 0, 3;
    %jmp/0xz  T_4.9, 4;
    %load/vec4 v000001463a3aa080_0;
    %cmpi/u 51, 0, 32;
    %jmp/0xz  T_4.11, 5;
    %load/vec4 v000001463a3aa080_0;
    %addi 1, 0, 32;
    %assign/vec4 v000001463a3aa080_0, 0;
    %jmp T_4.12;
T_4.11 ;
    %pushi/vec4 0, 0, 32;
    %assign/vec4 v000001463a3aa080_0, 0;
T_4.12 ;
    %jmp T_4.10;
T_4.9 ;
    %pushi/vec4 0, 0, 32;
    %assign/vec4 v000001463a3aa080_0, 0;
T_4.10 ;
T_4.6 ;
    %jmp T_4.3;
T_4.2 ;
    %pushi/vec4 0, 0, 32;
    %assign/vec4 v000001463a3aa080_0, 0;
T_4.3 ;
T_4.1 ;
    %jmp T_4;
    .thread T_4;
    .scope S_000001463a34da30;
T_5 ;
    %wait E_000001463a31dab0;
    %load/vec4 v000001463a3aa9e0_0;
    %dup/vec4;
    %pushi/vec4 0, 0, 3;
    %cmp/u;
    %jmp/1 T_5.0, 6;
    %dup/vec4;
    %pushi/vec4 1, 0, 3;
    %cmp/u;
    %jmp/1 T_5.1, 6;
    %dup/vec4;
    %pushi/vec4 2, 0, 3;
    %cmp/u;
    %jmp/1 T_5.2, 6;
    %dup/vec4;
    %pushi/vec4 3, 0, 3;
    %cmp/u;
    %jmp/1 T_5.3, 6;
    %dup/vec4;
    %pushi/vec4 4, 0, 3;
    %cmp/u;
    %jmp/1 T_5.4, 6;
    %jmp T_5.5;
T_5.0 ;
    %load/vec4 v000001463a3367e0_0;
    %flag_set/vec4 8;
    %jmp/0 T_5.6, 8;
    %pushi/vec4 1, 0, 3;
    %jmp/1 T_5.7, 8;
T_5.6 ; End of true expr.
    %load/vec4 v000001463a336920_0;
    %flag_set/vec4 9;
    %jmp/0 T_5.8, 9;
    %pushi/vec4 2, 0, 3;
    %jmp/1 T_5.9, 9;
T_5.8 ; End of true expr.
    %pushi/vec4 0, 0, 3;
    %jmp/0 T_5.9, 9;
 ; End of false expr.
    %blend;
T_5.9;
    %jmp/0 T_5.7, 8;
 ; End of false expr.
    %blend;
T_5.7;
    %store/vec4 v000001463a3aabc0_0, 0, 3;
    %jmp T_5.5;
T_5.1 ;
    %load/vec4 v000001463a3aad00_0;
    %pad/u 32;
    %cmpi/e 0, 0, 32;
    %jmp/0xz  T_5.10, 4;
    %pushi/vec4 3, 0, 3;
    %store/vec4 v000001463a3aabc0_0, 0, 3;
    %jmp T_5.11;
T_5.10 ;
    %pushi/vec4 1, 0, 1;
    %ix/getv 4, v000001463a3aa800_0;
    %store/vec4 v000001463a3aac60_0, 4, 1;
    %load/vec4 v000001463a3aac60_0;
    %parti/s 1, 0, 2;
    %pad/u 32;
    %cmpi/e 0, 0, 32;
    %flag_mov 8, 4;
    %jmp/0 T_5.12, 8;
    %pushi/vec4 0, 0, 2;
    %jmp/1 T_5.13, 8;
T_5.12 ; End of true expr.
    %load/vec4 v000001463a3aac60_0;
    %parti/s 1, 1, 2;
    %pad/u 32;
    %cmpi/e 0, 0, 32;
    %flag_mov 9, 4;
    %jmp/0 T_5.14, 9;
    %pushi/vec4 1, 0, 2;
    %jmp/1 T_5.15, 9;
T_5.14 ; End of true expr.
    %load/vec4 v000001463a3aac60_0;
    %parti/s 1, 2, 3;
    %pad/u 32;
    %cmpi/e 0, 0, 32;
    %flag_mov 10, 4;
    %jmp/0 T_5.16, 10;
    %pushi/vec4 2, 0, 2;
    %jmp/1 T_5.17, 10;
T_5.16 ; End of true expr.
    %pushi/vec4 3, 0, 2;
    %jmp/0 T_5.17, 10;
 ; End of false expr.
    %blend;
T_5.17;
    %jmp/0 T_5.15, 9;
 ; End of false expr.
    %blend;
T_5.15;
    %jmp/0 T_5.13, 8;
 ; End of false expr.
    %blend;
T_5.13;
    %assign/vec4 v000001463a3aa800_0, 0;
    %load/vec4 v000001463a3aad00_0;
    %subi 1, 0, 3;
    %assign/vec4 v000001463a3aad00_0, 0;
    %pushi/vec4 4, 0, 3;
    %store/vec4 v000001463a3aabc0_0, 0, 3;
T_5.11 ;
    %jmp T_5.5;
T_5.2 ;
    %load/vec4 v000001463a3aad00_0;
    %pushi/vec4 4, 0, 3;
    %cmp/e;
    %flag_get/vec4 4;
    %load/vec4 v000001463a3aac60_0;
    %load/vec4 v000001463a336880_0;
    %part/u 1;
    %pad/u 32;
    %pushi/vec4 0, 0, 32;
    %cmp/e;
    %flag_get/vec4 4;
    %or;
    %flag_set/vec4 8;
    %jmp/0xz  T_5.18, 8;
    %pushi/vec4 0, 0, 3;
    %store/vec4 v000001463a3aabc0_0, 0, 3;
    %jmp T_5.19;
T_5.18 ;
    %pushi/vec4 0, 0, 1;
    %ix/getv 4, v000001463a336880_0;
    %store/vec4 v000001463a3aac60_0, 4, 1;
    %load/vec4 v000001463a3aac60_0;
    %parti/s 1, 0, 2;
    %pad/u 32;
    %cmpi/e 0, 0, 32;
    %flag_mov 8, 4;
    %jmp/0 T_5.20, 8;
    %pushi/vec4 0, 0, 2;
    %jmp/1 T_5.21, 8;
T_5.20 ; End of true expr.
    %load/vec4 v000001463a3aac60_0;
    %parti/s 1, 1, 2;
    %pad/u 32;
    %cmpi/e 0, 0, 32;
    %flag_mov 9, 4;
    %jmp/0 T_5.22, 9;
    %pushi/vec4 1, 0, 2;
    %jmp/1 T_5.23, 9;
T_5.22 ; End of true expr.
    %load/vec4 v000001463a3aac60_0;
    %parti/s 1, 2, 3;
    %pad/u 32;
    %cmpi/e 0, 0, 32;
    %flag_mov 10, 4;
    %jmp/0 T_5.24, 10;
    %pushi/vec4 2, 0, 2;
    %jmp/1 T_5.25, 10;
T_5.24 ; End of true expr.
    %pushi/vec4 3, 0, 2;
    %jmp/0 T_5.25, 10;
 ; End of false expr.
    %blend;
T_5.25;
    %jmp/0 T_5.23, 9;
 ; End of false expr.
    %blend;
T_5.23;
    %jmp/0 T_5.21, 8;
 ; End of false expr.
    %blend;
T_5.21;
    %assign/vec4 v000001463a3aa800_0, 0;
    %load/vec4 v000001463a3aad00_0;
    %addi 1, 0, 3;
    %store/vec4 v000001463a3aad00_0, 0, 3;
    %pushi/vec4 4, 0, 3;
    %store/vec4 v000001463a3aabc0_0, 0, 3;
T_5.19 ;
    %jmp T_5.5;
T_5.3 ;
    %pushi/vec4 1, 0, 1;
    %store/vec4 v000001463a3aab20_0, 0, 1;
    %load/vec4 v000001463a3aa080_0;
    %cmpi/e 36, 0, 32;
    %jmp/0xz  T_5.26, 4;
    %pushi/vec4 0, 0, 1;
    %store/vec4 v000001463a3aab20_0, 0, 1;
    %pushi/vec4 0, 0, 3;
    %store/vec4 v000001463a3aabc0_0, 0, 3;
    %jmp T_5.27;
T_5.26 ;
    %pushi/vec4 3, 0, 3;
    %store/vec4 v000001463a3aabc0_0, 0, 3;
T_5.27 ;
    %jmp T_5.5;
T_5.4 ;
    %pushi/vec4 1, 0, 1;
    %store/vec4 v000001463a3aa440_0, 0, 1;
    %load/vec4 v000001463a3aa080_0;
    %cmpi/e 35, 0, 32;
    %jmp/0xz  T_5.28, 4;
    %pushi/vec4 0, 0, 1;
    %store/vec4 v000001463a3aa440_0, 0, 1;
    %pushi/vec4 0, 0, 3;
    %store/vec4 v000001463a3aabc0_0, 0, 3;
    %jmp T_5.29;
T_5.28 ;
    %pushi/vec4 4, 0, 3;
    %store/vec4 v000001463a3aabc0_0, 0, 3;
T_5.29 ;
    %jmp T_5.5;
T_5.5 ;
    %pop/vec4 1;
    %jmp T_5;
    .thread T_5;
    .scope S_000001463a351de0;
T_6 ;
    %pushi/vec4 0, 0, 1;
    %store/vec4 v000001463a3aa300_0, 0, 1;
T_6.0 ;
    %delay 13, 0;
    %load/vec4 v000001463a3aa300_0;
    %inv;
    %store/vec4 v000001463a3aa300_0, 0, 1;
    %jmp T_6.0;
    %end;
    .thread T_6;
    .scope S_000001463a351de0;
T_7 ;
    %vpi_call 2 270 "$dumpfile", "main_tb.vcd" {0 0 0};
    %vpi_call 2 271 "$dumpvars", 32'sb00000000000000000000000000000000, S_000001463a351de0 {0 0 0};
    %pushi/vec4 1, 0, 1;
    %store/vec4 v000001463a3ab3b0_0, 0, 1;
    %pushi/vec4 0, 0, 1;
    %store/vec4 v000001463a3aaf80_0, 0, 1;
    %pushi/vec4 0, 0, 1;
    %store/vec4 v000001463a3aae40_0, 0, 1;
    %pushi/vec4 0, 0, 2;
    %store/vec4 v000001463a3aada0_0, 0, 2;
    %pushi/vec4 0, 0, 4;
    %store/vec4 v000001463a3aa3a0_0, 0, 4;
    %delay 25, 0;
    %pushi/vec4 0, 0, 1;
    %store/vec4 v000001463a3ab3b0_0, 0, 1;
    %delay 15, 0;
    %vpi_func 2 283 "$fopen" 32, "input.txt", "r" {0 0 0};
    %store/vec4 v000001463a3aa4e0_0, 0, 32;
    %vpi_func 2 284 "$fopen" 32, "output.txt", "w" {0 0 0};
    %store/vec4 v000001463a3ac3f0_0, 0, 32;
    %load/vec4 v000001463a3aa4e0_0;
    %cmpi/e 0, 0, 32;
    %jmp/1 T_7.2, 4;
    %flag_mov 8, 4;
    %load/vec4 v000001463a3ac3f0_0;
    %cmpi/e 0, 0, 32;
    %flag_or 4, 8;
T_7.2;
    %jmp/0xz  T_7.0, 4;
    %vpi_call 2 287 "$display", "Failed to open file." {0 0 0};
    %vpi_call 2 288 "$finish" {0 0 0};
T_7.0 ;
T_7.3 ;
    %vpi_func 2 291 "$feof" 32, v000001463a3aa4e0_0 {0 0 0};
    %nor/r;
    %flag_set/vec4 8;
    %jmp/0xz T_7.4, 8;
    %vpi_func 2 292 "$fscanf" 32, v000001463a3aa4e0_0, "%4b\012", v000001463a3aa3a0_0 {0 0 0};
    %store/vec4 v000001463a3ace90_0, 0, 32;
    %load/vec4 v000001463a3aa3a0_0;
    %parti/s 1, 3, 3;
    %store/vec4 v000001463a3aaf80_0, 0, 1;
    %load/vec4 v000001463a3aa3a0_0;
    %parti/s 1, 2, 3;
    %store/vec4 v000001463a3aae40_0, 0, 1;
    %load/vec4 v000001463a3aa3a0_0;
    %parti/s 2, 0, 2;
    %store/vec4 v000001463a3aada0_0, 0, 2;
    %vpi_call 2 296 "$display", "Read input: Entry_sensor=%b, Exit_sensor = %b , Exit_Parking=%b", v000001463a3aaf80_0, v000001463a3aae40_0, v000001463a3aada0_0 {0 0 0};
    %delay 100, 0;
    %load/vec4 v000001463a3aa260_0;
    %pad/u 32;
    %cmpi/e 0, 0, 32;
    %jmp/0xz  T_7.5, 4;
    %vpi_call 2 300 "$fwrite", v000001463a3ac3f0_0, "%b%b%b%b [%d,-]\011", &PV<v000001463a3abdb0_0, 3, 1>, &PV<v000001463a3abdb0_0, 2, 1>, &PV<v000001463a3abdb0_0, 1, 1>, &PV<v000001463a3abdb0_0, 0, 1>, v000001463a3aa260_0 {0 0 0};
    %jmp T_7.6;
T_7.5 ;
    %vpi_call 2 303 "$fwrite", v000001463a3ac3f0_0, "%b%b%b%b [%d,%d]\011", &PV<v000001463a3abdb0_0, 3, 1>, &PV<v000001463a3abdb0_0, 2, 1>, &PV<v000001463a3abdb0_0, 1, 1>, &PV<v000001463a3abdb0_0, 0, 1>, v000001463a3aa260_0, v000001463a3acad0_0 {0 0 0};
T_7.6 ;
    %load/vec4 v000001463a3aa760_0;
    %flag_set/vec4 8;
    %jmp/0xz  T_7.7, 8;
    %vpi_call 2 306 "$fwrite", v000001463a3ac3f0_0, "Door" {0 0 0};
    %jmp T_7.8;
T_7.7 ;
    %load/vec4 v000001463a3aa580_0;
    %flag_set/vec4 8;
    %jmp/0xz  T_7.9, 8;
    %vpi_call 2 308 "$fwrite", v000001463a3ac3f0_0, "Full" {0 0 0};
T_7.9 ;
T_7.8 ;
    %vpi_call 2 310 "$fwrite", v000001463a3ac3f0_0, "\012" {0 0 0};
    %delay 890, 0;
    %jmp T_7.3;
T_7.4 ;
    %vpi_call 2 314 "$fclose", v000001463a3aa4e0_0 {0 0 0};
    %vpi_call 2 315 "$fclose", v000001463a3ac3f0_0 {0 0 0};
    %vpi_call 2 316 "$finish" {0 0 0};
    %end;
    .thread T_7;
    .scope S_000001463a351de0;
T_8 ;
    %vpi_call 2 321 "$monitor", "Time: %d | Reset: %b | Entry: %b | Exit: %b | Full: %b | Door: %b | Parkings: %b | Capacity: %b | Location: %b | State: %b", $time, v000001463a3ab3b0_0, v000001463a3aaf80_0, v000001463a3aae40_0, v000001463a3aaee0_0, v000001463a3aa120_0, v000001463a3abdb0_0, v000001463a3aa260_0, v000001463a3acad0_0, v000001463a3abbd0_0 {0 0 0};
    %end;
    .thread T_8;
# The file index is used to find the file name in the following table.
:file_names 3;
    "N/A";
    "<interactive>";
    "proj.v";
